<?xml version="1.0" encoding="UTF-8"?>
<!-- Generated by org.testng.reporters.JUnitReportReporter -->
<testsuite hostname="USMUMKRJAIN2" failures="0" tests="1" name="krati_Jain.test1_14_TestNG.TestCase8" time="3.070" errors="0" timestamp="2021-06-22T19:23:01 IST" skipped="0">
  <testcase classname="krati_Jain.test1_14_TestNG.TestCase8" name="getIDName" time="3.070"/>
  <system-out/>
</testsuite> <!-- krati_Jain.test1_14_TestNG.TestCase8 -->
