<?xml version="1.0" encoding="UTF-8"?>
<!-- Generated by org.testng.reporters.JUnitReportReporter -->
<testsuite hostname="USMUMKRJAIN2" failures="0" tests="3" name="krati_Jain.test1_14_TestNG.TestCase3_2" time="3.588" errors="0" timestamp="2021-06-22T19:05:17 IST" skipped="0">
  <testcase classname="krati_Jain.test1_14_TestNG.TestCase3_2" name="test3" time="1.154"/>
  <system-out/>
  <testcase classname="krati_Jain.test1_14_TestNG.TestCase3_2" name="test4" time="1.201"/>
  <system-out/>
  <testcase classname="krati_Jain.test1_14_TestNG.TestCase3_2" name="test5" time="1.233"/>
  <system-out/>
</testsuite> <!-- krati_Jain.test1_14_TestNG.TestCase3_2 -->
