<?xml version="1.0" encoding="UTF-8"?>
<!-- Generated by org.testng.reporters.JUnitReportReporter -->
<testsuite hostname="DELL" failures="0" tests="3" name="pallavi.assignment15.DataProvider" time="13.996" errors="0" timestamp="2021-06-22T23:45:01 IST" skipped="0">
  <testcase classname="pallavi.assignment15.DataProvider" name="registration" time="5.838"/>
  <system-out/>
  <testcase classname="pallavi.assignment15.DataProvider" name="registration" time="3.938"/>
  <system-out/>
  <testcase classname="pallavi.assignment15.DataProvider" name="registration" time="4.220"/>
  <system-out/>
</testsuite> <!-- pallavi.assignment15.DataProvider -->
