<?xml version="1.0" encoding="UTF-8"?>
<!-- Generated by org.testng.reporters.JUnitReportReporter -->
<testsuite hostname="USMUMKRJAIN2" failures="0" tests="2" name="krati_Jain.test1_14_TestNG.TestCase3" time="2.145" errors="0" timestamp="2021-06-22T19:10:05 IST" skipped="0">
  <testcase classname="krati_Jain.test1_14_TestNG.TestCase3" name="test1" time="1.856"/>
  <system-out/>
  <testcase classname="krati_Jain.test1_14_TestNG.TestCase3" name="test2" time="0.289"/>
  <system-out/>
</testsuite> <!-- krati_Jain.test1_14_TestNG.TestCase3 -->
