<?xml version="1.0" encoding="UTF-8"?>
<!-- Generated by org.testng.reporters.JUnitReportReporter -->
<testsuite hostname="USMUMKRJAIN2" failures="0" tests="1" name="krati_Jain.testNGDemo" time="0.011" errors="0" timestamp="2021-06-22T16:30:22 IST" skipped="0">
  <testcase classname="krati_Jain.testNGDemo" name="m1" time="0.011"/>
  <system-out/>
</testsuite> <!-- krati_Jain.testNGDemo -->
