<?xml version="1.0" encoding="UTF-8"?>
<!-- Generated by org.testng.reporters.JUnitReportReporter -->
<testsuite hostname="USMUMKRJAIN2" failures="0" tests="2" name="krati_Jain.test1_14_TestNG.TestCase5" time="1.202" errors="0" timestamp="2021-06-22T19:12:50 IST" skipped="0">
  <testcase classname="krati_Jain.test1_14_TestNG.TestCase5" name="test5MultiPicklist" time="0.523"/>
  <system-out/>
  <testcase classname="krati_Jain.test1_14_TestNG.TestCase5" name="test5Picklist" time="0.679"/>
  <system-out/>
</testsuite> <!-- krati_Jain.test1_14_TestNG.TestCase5 -->
