<?xml version="1.0" encoding="UTF-8"?>
<!-- Generated by org.testng.reporters.JUnitReportReporter -->
<testsuite hostname="USMUMKRJAIN2" failures="0" tests="1" name="krati_Jain.test1_14_TestNG.TestCase12" time="6.353" errors="0" timestamp="2021-06-22T19:36:44 IST" skipped="0">
  <testcase classname="krati_Jain.test1_14_TestNG.TestCase12" name="getEmpManagers" time="6.353"/>
  <system-out/>
</testsuite> <!-- krati_Jain.test1_14_TestNG.TestCase12 -->
