<?xml version="1.0" encoding="UTF-8"?>
<!-- Generated by org.testng.reporters.JUnitReportReporter -->
<testsuite hostname="USMUMKRJAIN2" failures="0" tests="2" name="krati_Jain.DataProvider.Test15DataProvider" time="6.748" errors="0" timestamp="2021-06-28T10:47:06 IST" skipped="0">
  <testcase classname="krati_Jain.DataProvider.Test15DataProvider" name="registrationTab" time="3.348"/>
  <system-out/>
  <testcase classname="krati_Jain.DataProvider.Test15DataProvider" name="registrationTab" time="3.400"/>
  <system-out/>
</testsuite> <!-- krati_Jain.DataProvider.Test15DataProvider -->
