<?xml version="1.0" encoding="UTF-8"?>
<!-- Generated by org.testng.reporters.JUnitReportReporter -->
<testsuite skipped="0" hostname="Rehman" name="simmi.TestCase_15.TestCase15" tests="3" failures="0" timestamp="20 Jun 2021 18:18:51 GMT" time="28.185" errors="0">
  <testcase name="operation" time="14.674" classname="simmi.TestCase_15.TestCase15"/>
  <testcase name="operation" time="6.827" classname="simmi.TestCase_15.TestCase15"/>
  <testcase name="operation" time="6.684" classname="simmi.TestCase_15.TestCase15"/>
</testsuite> <!-- simmi.TestCase_15.TestCase15 -->
