<?xml version="1.0" encoding="UTF-8"?>
<!-- Generated by org.testng.reporters.JUnitReportReporter -->
<testsuite hostname="USMUMKRJAIN2" failures="0" tests="2" name="krati_Jain.test1_14_TestNG.TestCase13" time="6.893" errors="0" timestamp="2021-06-23T16:55:52 IST" skipped="0">
  <testcase classname="krati_Jain.test1_14_TestNG.TestCase13" name="validateEmpManager" time="0.006"/>
  <system-out/>
  <testcase classname="krati_Jain.test1_14_TestNG.TestCase13" name="getEmpManagers" time="6.887"/>
  <system-out/>
</testsuite> <!-- krati_Jain.test1_14_TestNG.TestCase13 -->
